<?xml version="1.0" encoding="UTF-8"?>
<!-- Generated by org.testng.reporters.JUnitXMLReporter -->
<testsuite hostname="CHANDU-PC" ignored="0" name="Test" tests="4" failures="0" timestamp="2020-01-27T12:21:13 IST" time="23.266" errors="0">
  <testcase name="loginpageurl" time="0.02" classname="com.fb.qa.testcases.LoginpageTest"/>
  <testcase name="loginpageTitle" time="0.063" classname="com.fb.qa.testcases.LoginpageTest"/>
  <testcase name="fbpagelogo" time="0.267" classname="com.fb.qa.testcases.LoginpageTest"/>
  <testcase name="fblogin" time="9.133" classname="com.fb.qa.testcases.LoginpageTest"/>
</testsuite> <!-- Test -->
