<?xml version="1.0" encoding="UTF-8"?>
<testng-results skipped="0" failed="0" ignored="0" total="4" passed="4">
  <reporter-output>
  </reporter-output>
  <suite name="Suite" duration-ms="23266" started-at="2020-01-27T12:20:50 IST" finished-at="2020-01-27T12:21:13 IST">
    <groups>
    </groups>
    <test name="Test" duration-ms="23266" started-at="2020-01-27T12:20:50 IST" finished-at="2020-01-27T12:21:13 IST">
      <class name="com.fb.qa.testcases.LoginpageTest">
        <test-method status="PASS" signature="setup()[pri:0, instance:com.fb.qa.testcases.LoginpageTest@bc05a6]" name="setup" is-config="true" duration-ms="11630" started-at="2020-01-27T12:20:50 IST" finished-at="2020-01-27T12:21:02 IST">
          <reporter-output>
          </reporter-output>
        </test-method> <!-- setup -->
        <test-method status="PASS" signature="loginpageurl()[pri:0, instance:com.fb.qa.testcases.LoginpageTest@bc05a6]" name="loginpageurl" duration-ms="20" started-at="2020-01-27T12:21:02 IST" finished-at="2020-01-27T12:21:02 IST">
          <reporter-output>
          </reporter-output>
        </test-method> <!-- loginpageurl -->
        <test-method status="PASS" signature="fblogin()[pri:0, instance:com.fb.qa.testcases.LoginpageTest@bc05a6]" name="fblogin" duration-ms="9133" started-at="2020-01-27T12:21:02 IST" finished-at="2020-01-27T12:21:11 IST">
          <reporter-output>
          </reporter-output>
        </test-method> <!-- fblogin -->
        <test-method status="PASS" signature="loginpageTitle()[pri:0, instance:com.fb.qa.testcases.LoginpageTest@bc05a6]" name="loginpageTitle" duration-ms="63" started-at="2020-01-27T12:21:02 IST" finished-at="2020-01-27T12:21:02 IST">
          <reporter-output>
          </reporter-output>
        </test-method> <!-- loginpageTitle -->
        <test-method status="PASS" signature="fbpagelogo()[pri:0, instance:com.fb.qa.testcases.LoginpageTest@bc05a6]" name="fbpagelogo" duration-ms="267" started-at="2020-01-27T12:21:02 IST" finished-at="2020-01-27T12:21:02 IST">
          <reporter-output>
          </reporter-output>
        </test-method> <!-- fbpagelogo -->
        <test-method status="PASS" signature="teardown()[pri:0, instance:com.fb.qa.testcases.LoginpageTest@bc05a6]" name="teardown" is-config="true" duration-ms="2458" started-at="2020-01-27T12:21:11 IST" finished-at="2020-01-27T12:21:13 IST">
          <reporter-output>
          </reporter-output>
        </test-method> <!-- teardown -->
      </class> <!-- com.fb.qa.testcases.LoginpageTest -->
    </test> <!-- Test -->
  </suite> <!-- Suite -->
</testng-results>
